<?xml version="1.0" encoding="UTF-8"?>
<!-- Generated by org.testng.reporters.JUnitReportReporter -->
<testsuite hostname="DESKTOP-LEJP8C6" failures="0" tests="1" name="test.VerifyCostAdd" time="43.077" errors="0" timestamp="2023-06-05T11:48:00 IST" skipped="0">
  <testcase classname="test.VerifyCostAdd" name="Costadd" time="43.077"/>
  <system-out/>
</testsuite> <!-- test.VerifyCostAdd -->
